247 links found with query: '길거리패션가방'
581 links found with query: '길거리패션'
860 links found with query: '공항패션신발'
784 links found with query: '공항패션가방'
871 links found with query: '공항패션종결자'
883 links found with query: '아이돌공항패션'
844 links found with query: '남자연예인공항패션'
875 links found with query: '일반인공항패션'
796 links found with query: '여자연예인공항패션'
765 links found with query: '공항패션'
786 links found with query: '캐주얼복장'
916 links found with query: '공항패션'
779 links found with query: '공항패션종결자'
839 links found with query: '여성복'
816 links found with query: '길거리패션'
826 links found with query: '여성복'
895 links found with query: '길거리패션가방'
855 links found with query: '아이돌공항패션'
869 links found with query: '캐주얼복장'
891 links found with query: '일반인공항패션'
833 links found with query: '여자연예인공항패션'
859 links found with query: '남자연예인공항패션'
820 links found with query: '공항패션가방'
845 links found with query: '공항패션신발'
