0 / 24685
100 / 24685
200 / 24685
300 / 24685
400 / 24685
500 / 24685
600 / 24685
700 / 24685
800 / 24685
900 / 24685
1000 / 24685
1100 / 24685
1200 / 24685
1300 / 24685
1400 / 24685
1500 / 24685
1600 / 24685
1700 / 24685
1800 / 24685
1900 / 24685
2000 / 24685
2100 / 24685
2200 / 24685
2300 / 24685
2400 / 24685
2500 / 24685
2600 / 24685
2700 / 24685
2800 / 24685
2900 / 24685
3000 / 24685
3100 / 24685
3200 / 24685
3300 / 24685
3400 / 24685
3500 / 24685
3600 / 24685
3700 / 24685
3800 / 24685
3900 / 24685
4000 / 24685
4100 / 24685
4200 / 24685
4300 / 24685
4400 / 24685
4500 / 24685
4600 / 24685
4700 / 24685
4800 / 24685
4900 / 24685
5000 / 24685
5100 / 24685
5200 / 24685
5300 / 24685
5400 / 24685
5500 / 24685
5600 / 24685
5700 / 24685
5800 / 24685
5900 / 24685
6000 / 24685
6100 / 24685
6200 / 24685
6300 / 24685
6400 / 24685
6500 / 24685
6600 / 24685
6700 / 24685
6800 / 24685
6900 / 24685
7000 / 24685
7100 / 24685
7200 / 24685
7300 / 24685
7400 / 24685
7500 / 24685
7600 / 24685
7700 / 24685
7800 / 24685
7900 / 24685
8000 / 24685
8100 / 24685
8200 / 24685
8300 / 24685
8400 / 24685
8500 / 24685
8600 / 24685
8700 / 24685
8800 / 24685
8900 / 24685
9000 / 24685
9100 / 24685
9200 / 24685
9300 / 24685
9400 / 24685
9500 / 24685
9600 / 24685
9700 / 24685
9800 / 24685
9900 / 24685
10000 / 24685
10100 / 24685
10200 / 24685
10300 / 24685
10400 / 24685
10500 / 24685
10600 / 24685
10700 / 24685
10800 / 24685
10900 / 24685
11000 / 24685
11100 / 24685
11200 / 24685
11300 / 24685
11400 / 24685
11500 / 24685
11600 / 24685
11700 / 24685
11800 / 24685
11900 / 24685
12000 / 24685
12100 / 24685
12200 / 24685
12300 / 24685
12400 / 24685
12500 / 24685
12600 / 24685
12700 / 24685
12800 / 24685
12900 / 24685
13000 / 24685
13100 / 24685
13200 / 24685
13300 / 24685
13400 / 24685
13500 / 24685
13600 / 24685
13700 / 24685
13800 / 24685
13900 / 24685
14000 / 24685
14100 / 24685
14200 / 24685
14300 / 24685
14400 / 24685
14500 / 24685
14600 / 24685
14700 / 24685
14800 / 24685
14900 / 24685
15000 / 24685
15100 / 24685
15200 / 24685
15300 / 24685
15400 / 24685
15500 / 24685
15600 / 24685
15700 / 24685
15800 / 24685
15900 / 24685
16000 / 24685
16100 / 24685
16200 / 24685
16300 / 24685
16400 / 24685
16500 / 24685
16600 / 24685
16700 / 24685
16800 / 24685
16900 / 24685
17000 / 24685
17100 / 24685
17200 / 24685
17300 / 24685
17400 / 24685
17500 / 24685
17600 / 24685
17700 / 24685
17800 / 24685
17900 / 24685
18000 / 24685
18100 / 24685
18200 / 24685
18300 / 24685
18400 / 24685
18500 / 24685
18600 / 24685
18700 / 24685
18800 / 24685
18900 / 24685
19000 / 24685
19100 / 24685
19200 / 24685
19300 / 24685
19400 / 24685
19500 / 24685
19600 / 24685
19700 / 24685
19800 / 24685
19900 / 24685
20000 / 24685
20100 / 24685
20200 / 24685
20300 / 24685
20400 / 24685
20500 / 24685
20600 / 24685
20700 / 24685
20800 / 24685
20900 / 24685
21000 / 24685
21100 / 24685
21200 / 24685
21300 / 24685
21400 / 24685
21500 / 24685
21600 / 24685
21700 / 24685
21800 / 24685
21900 / 24685
22000 / 24685
22100 / 24685
22200 / 24685
22300 / 24685
22400 / 24685
22500 / 24685
22600 / 24685
22700 / 24685
22800 / 24685
22900 / 24685
23000 / 24685
23100 / 24685
23200 / 24685
23300 / 24685
23400 / 24685
23500 / 24685
23600 / 24685
23700 / 24685
23800 / 24685
23900 / 24685
24000 / 24685
24100 / 24685
24200 / 24685
24300 / 24685
24400 / 24685
24500 / 24685
24600 / 24685
0 / 23635
100 / 23635
200 / 23635
300 / 23635
400 / 23635
500 / 23635
600 / 23635
700 / 23635
800 / 23635
900 / 23635
1000 / 23635
1100 / 23635
1200 / 23635
1300 / 23635
1400 / 23635
1500 / 23635
1600 / 23635
1700 / 23635
1800 / 23635
1900 / 23635
2000 / 23635
2100 / 23635
2200 / 23635
2300 / 23635
2400 / 23635
2500 / 23635
2600 / 23635
2700 / 23635
2800 / 23635
2900 / 23635
3000 / 23635
3100 / 23635
3200 / 23635
3300 / 23635
3400 / 23635
3500 / 23635
3600 / 23635
3700 / 23635
3800 / 23635
3900 / 23635
4000 / 23635
4100 / 23635
4200 / 23635
4300 / 23635
4400 / 23635
4500 / 23635
4600 / 23635
4700 / 23635
4800 / 23635
4900 / 23635
5000 / 23635
5100 / 23635
5200 / 23635
5300 / 23635
5400 / 23635
5500 / 23635
5600 / 23635
5700 / 23635
5800 / 23635
5900 / 23635
6000 / 23635
6100 / 23635
6200 / 23635
6300 / 23635
6400 / 23635
6500 / 23635
6600 / 23635
6700 / 23635
6800 / 23635
6900 / 23635
7000 / 23635
7100 / 23635
7200 / 23635
7300 / 23635
7400 / 23635
7500 / 23635
7600 / 23635
7700 / 23635
7800 / 23635
7900 / 23635
8000 / 23635
8100 / 23635
8200 / 23635
8300 / 23635
8400 / 23635
8500 / 23635
8600 / 23635
8700 / 23635
8800 / 23635
8900 / 23635
9000 / 23635
9100 / 23635
9200 / 23635
9300 / 23635
9400 / 23635
9500 / 23635
9600 / 23635
9700 / 23635
9800 / 23635
9900 / 23635
10000 / 23635
10100 / 23635
10200 / 23635
10300 / 23635
10400 / 23635
10500 / 23635
10600 / 23635
10700 / 23635
10800 / 23635
10900 / 23635
11000 / 23635
11100 / 23635
11200 / 23635
11300 / 23635
11400 / 23635
11500 / 23635
11600 / 23635
11700 / 23635
11800 / 23635
11900 / 23635
12000 / 23635
12100 / 23635
12200 / 23635
12300 / 23635
12400 / 23635
12500 / 23635
12600 / 23635
12700 / 23635
12800 / 23635
12900 / 23635
13000 / 23635
13100 / 23635
13200 / 23635
13300 / 23635
13400 / 23635
13500 / 23635
13600 / 23635
13700 / 23635
13800 / 23635
13900 / 23635
14000 / 23635
14100 / 23635
14200 / 23635
14300 / 23635
14400 / 23635
14500 / 23635
14600 / 23635
14700 / 23635
14800 / 23635
14900 / 23635
15000 / 23635
15100 / 23635
15200 / 23635
15300 / 23635
15400 / 23635
15500 / 23635
15600 / 23635
15700 / 23635
15800 / 23635
15900 / 23635
16000 / 23635
16100 / 23635
16200 / 23635
16300 / 23635
16400 / 23635
16500 / 23635
16600 / 23635
16700 / 23635
16800 / 23635
16900 / 23635
17000 / 23635
17100 / 23635
17200 / 23635
17300 / 23635
17400 / 23635
17500 / 23635
17600 / 23635
17700 / 23635
17800 / 23635
17900 / 23635
18000 / 23635
18100 / 23635
18200 / 23635
18300 / 23635
18400 / 23635
18500 / 23635
18600 / 23635
18700 / 23635
18800 / 23635
18900 / 23635
19000 / 23635
19100 / 23635
19200 / 23635
19300 / 23635
19400 / 23635
19500 / 23635
19600 / 23635
19700 / 23635
19800 / 23635
19900 / 23635
20000 / 23635
20100 / 23635
20200 / 23635
20300 / 23635
20400 / 23635
20500 / 23635
20600 / 23635
20700 / 23635
20800 / 23635
20900 / 23635
21000 / 23635
21100 / 23635
21200 / 23635
21300 / 23635
21400 / 23635
21500 / 23635
21600 / 23635
21700 / 23635
21800 / 23635
21900 / 23635
22000 / 23635
22100 / 23635
22200 / 23635
22300 / 23635
22400 / 23635
22500 / 23635
22600 / 23635
22700 / 23635
22800 / 23635
22900 / 23635
23000 / 23635
23100 / 23635
23200 / 23635
23300 / 23635
23400 / 23635
23500 / 23635
23600 / 23635
0 / 24089
100 / 24089
200 / 24089
300 / 24089
400 / 24089
500 / 24089
600 / 24089
700 / 24089
800 / 24089
900 / 24089
1000 / 24089
1100 / 24089
1200 / 24089
1300 / 24089
1400 / 24089
1500 / 24089
1600 / 24089
1700 / 24089
1800 / 24089
1900 / 24089
2000 / 24089
2100 / 24089
2200 / 24089
2300 / 24089
2400 / 24089
2500 / 24089
2600 / 24089
2700 / 24089
2800 / 24089
2900 / 24089
3000 / 24089
3100 / 24089
3200 / 24089
3300 / 24089
3400 / 24089
3500 / 24089
3600 / 24089
3700 / 24089
3800 / 24089
3900 / 24089
4000 / 24089
4100 / 24089
4200 / 24089
4300 / 24089
4400 / 24089
4500 / 24089
4600 / 24089
4700 / 24089
4800 / 24089
4900 / 24089
5000 / 24089
5100 / 24089
5200 / 24089
5300 / 24089
5400 / 24089
5500 / 24089
5600 / 24089
5700 / 24089
5800 / 24089
5900 / 24089
6000 / 24089
6100 / 24089
6200 / 24089
6300 / 24089
6400 / 24089
6500 / 24089
6600 / 24089
6700 / 24089
6800 / 24089
6900 / 24089
7000 / 24089
7100 / 24089
7200 / 24089
7300 / 24089
7400 / 24089
7500 / 24089
7600 / 24089
7700 / 24089
7800 / 24089
7900 / 24089
8000 / 24089
8100 / 24089
8200 / 24089
8300 / 24089
8400 / 24089
8500 / 24089
8600 / 24089
8700 / 24089
8800 / 24089
8900 / 24089
9000 / 24089
9100 / 24089
9200 / 24089
9300 / 24089
9400 / 24089
9500 / 24089
9600 / 24089
9700 / 24089
9800 / 24089
9900 / 24089
10000 / 24089
10100 / 24089
10200 / 24089
10300 / 24089
10400 / 24089
10500 / 24089
10600 / 24089
10700 / 24089
10800 / 24089
10900 / 24089
11000 / 24089
11100 / 24089
11200 / 24089
11300 / 24089
11400 / 24089
11500 / 24089
11600 / 24089
11700 / 24089
11800 / 24089
11900 / 24089
12000 / 24089
12100 / 24089
12200 / 24089
12300 / 24089
12400 / 24089
12500 / 24089
12600 / 24089
12700 / 24089
12800 / 24089
12900 / 24089
13000 / 24089
13100 / 24089
13200 / 24089
13300 / 24089
13400 / 24089
13500 / 24089
13600 / 24089
13700 / 24089
13800 / 24089
13900 / 24089
14000 / 24089
14100 / 24089
14200 / 24089
14300 / 24089
14400 / 24089
14500 / 24089
14600 / 24089
14700 / 24089
14800 / 24089
14900 / 24089
15000 / 24089
15100 / 24089
15200 / 24089
15300 / 24089
15400 / 24089
15500 / 24089
15600 / 24089
15700 / 24089
15800 / 24089
15900 / 24089
16000 / 24089
16100 / 24089
16200 / 24089
16300 / 24089
16400 / 24089
16500 / 24089
16600 / 24089
16700 / 24089
16800 / 24089
16900 / 24089
17000 / 24089
17100 / 24089
17200 / 24089
17300 / 24089
17400 / 24089
17500 / 24089
17600 / 24089
17700 / 24089
17800 / 24089
17900 / 24089
18000 / 24089
18100 / 24089
18200 / 24089
18300 / 24089
18400 / 24089
18500 / 24089
18600 / 24089
18700 / 24089
18800 / 24089
18900 / 24089
19000 / 24089
19100 / 24089
19200 / 24089
19300 / 24089
19400 / 24089
19500 / 24089
19600 / 24089
19700 / 24089
19800 / 24089
19900 / 24089
20000 / 24089
20100 / 24089
20200 / 24089
20300 / 24089
20400 / 24089
20500 / 24089
20600 / 24089
20700 / 24089
20800 / 24089
20900 / 24089
21000 / 24089
21100 / 24089
21200 / 24089
21300 / 24089
21400 / 24089
21500 / 24089
21600 / 24089
21700 / 24089
21800 / 24089
21900 / 24089
22000 / 24089
22100 / 24089
22200 / 24089
22300 / 24089
22400 / 24089
22500 / 24089
22600 / 24089
22700 / 24089
22800 / 24089
22900 / 24089
23000 / 24089
23100 / 24089
23200 / 24089
23300 / 24089
23400 / 24089
23500 / 24089
23600 / 24089
23700 / 24089
23800 / 24089
23900 / 24089
24000 / 24089
0 / 22815
100 / 22815
200 / 22815
300 / 22815
400 / 22815
500 / 22815
600 / 22815
700 / 22815
800 / 22815
900 / 22815
1000 / 22815
1100 / 22815
1200 / 22815
1300 / 22815
1400 / 22815
1500 / 22815
1600 / 22815
1700 / 22815
1800 / 22815
1900 / 22815
2000 / 22815
2100 / 22815
2200 / 22815
2300 / 22815
2400 / 22815
2500 / 22815
2600 / 22815
2700 / 22815
2800 / 22815
2900 / 22815
3000 / 22815
3100 / 22815
3200 / 22815
3300 / 22815
3400 / 22815
3500 / 22815
3600 / 22815
3700 / 22815
3800 / 22815
3900 / 22815
4000 / 22815
4100 / 22815
4200 / 22815
4300 / 22815
4400 / 22815
4500 / 22815
4600 / 22815
4700 / 22815
4800 / 22815
4900 / 22815
5000 / 22815
5100 / 22815
5200 / 22815
5300 / 22815
5400 / 22815
5500 / 22815
5600 / 22815
5700 / 22815
5800 / 22815
5900 / 22815
6000 / 22815
6100 / 22815
6200 / 22815
6300 / 22815
6400 / 22815
6500 / 22815
6600 / 22815
6700 / 22815
6800 / 22815
6900 / 22815
7000 / 22815
7100 / 22815
7200 / 22815
7300 / 22815
7400 / 22815
7500 / 22815
7600 / 22815
7700 / 22815
7800 / 22815
7900 / 22815
8000 / 22815
8100 / 22815
8200 / 22815
8300 / 22815
8400 / 22815
8500 / 22815
8600 / 22815
8700 / 22815
8800 / 22815
8900 / 22815
9000 / 22815
9100 / 22815
9200 / 22815
9300 / 22815
9400 / 22815
9500 / 22815
9600 / 22815
9700 / 22815
9800 / 22815
9900 / 22815
10000 / 22815
10100 / 22815
10200 / 22815
10300 / 22815
10400 / 22815
10500 / 22815
10600 / 22815
10700 / 22815
10800 / 22815
10900 / 22815
11000 / 22815
11100 / 22815
11200 / 22815
11300 / 22815
11400 / 22815
11500 / 22815
11600 / 22815
11700 / 22815
11800 / 22815
11900 / 22815
12000 / 22815
12100 / 22815
12200 / 22815
12300 / 22815
12400 / 22815
12500 / 22815
12600 / 22815
12700 / 22815
12800 / 22815
12900 / 22815
13000 / 22815
13100 / 22815
13200 / 22815
13300 / 22815
13400 / 22815
13500 / 22815
13600 / 22815
13700 / 22815
13800 / 22815
13900 / 22815
14000 / 22815
14100 / 22815
14200 / 22815
14300 / 22815
14400 / 22815
14500 / 22815
14600 / 22815
14700 / 22815
14800 / 22815
14900 / 22815
15000 / 22815
15100 / 22815
15200 / 22815
15300 / 22815
15400 / 22815
15500 / 22815
15600 / 22815
15700 / 22815
15800 / 22815
15900 / 22815
16000 / 22815
16100 / 22815
16200 / 22815
16300 / 22815
16400 / 22815
16500 / 22815
16600 / 22815
16700 / 22815
16800 / 22815
16900 / 22815
17000 / 22815
17100 / 22815
17200 / 22815
17300 / 22815
17400 / 22815
17500 / 22815
17600 / 22815
17700 / 22815
17800 / 22815
17900 / 22815
18000 / 22815
18100 / 22815
18200 / 22815
18300 / 22815
18400 / 22815
18500 / 22815
18600 / 22815
18700 / 22815
18800 / 22815
18900 / 22815
19000 / 22815
19100 / 22815
19200 / 22815
19300 / 22815
19400 / 22815
19500 / 22815
19600 / 22815
19700 / 22815
19800 / 22815
19900 / 22815
20000 / 22815
20100 / 22815
20200 / 22815
20300 / 22815
20400 / 22815
20500 / 22815
20600 / 22815
20700 / 22815
20800 / 22815
20900 / 22815
21000 / 22815
21100 / 22815
21200 / 22815
21300 / 22815
21400 / 22815
21500 / 22815
21600 / 22815
21700 / 22815
21800 / 22815
21900 / 22815
22000 / 22815
22100 / 22815
22200 / 22815
22300 / 22815
22400 / 22815
22500 / 22815
22600 / 22815
22700 / 22815
22800 / 22815
0 / 23758
100 / 23758
200 / 23758
300 / 23758
400 / 23758
500 / 23758
600 / 23758
700 / 23758
800 / 23758
900 / 23758
1000 / 23758
1100 / 23758
1200 / 23758
1300 / 23758
1400 / 23758
1500 / 23758
1600 / 23758
1700 / 23758
1800 / 23758
1900 / 23758
2000 / 23758
2100 / 23758
2200 / 23758
2300 / 23758
2400 / 23758
2500 / 23758
2600 / 23758
2700 / 23758
2800 / 23758
2900 / 23758
3000 / 23758
3100 / 23758
3200 / 23758
3300 / 23758
3400 / 23758
3500 / 23758
3600 / 23758
3700 / 23758
3800 / 23758
3900 / 23758
4000 / 23758
4100 / 23758
4200 / 23758
4300 / 23758
4400 / 23758
4500 / 23758
4600 / 23758
4700 / 23758
4800 / 23758
4900 / 23758
5000 / 23758
5100 / 23758
5200 / 23758
5300 / 23758
5400 / 23758
5500 / 23758
5600 / 23758
5700 / 23758
5800 / 23758
5900 / 23758
6000 / 23758
6100 / 23758
6200 / 23758
6300 / 23758
6400 / 23758
6500 / 23758
6600 / 23758
6700 / 23758
6800 / 23758
6900 / 23758
7000 / 23758
7100 / 23758
7200 / 23758
7300 / 23758
7400 / 23758
7500 / 23758
7600 / 23758
7700 / 23758
7800 / 23758
7900 / 23758
8000 / 23758
8100 / 23758
8200 / 23758
8300 / 23758
8400 / 23758
8500 / 23758
8600 / 23758
8700 / 23758
8800 / 23758
8900 / 23758
9000 / 23758
9100 / 23758
9200 / 23758
9300 / 23758
9400 / 23758
9500 / 23758
9600 / 23758
9700 / 23758
9800 / 23758
9900 / 23758
10000 / 23758
10100 / 23758
10200 / 23758
10300 / 23758
10400 / 23758
10500 / 23758
10600 / 23758
10700 / 23758
10800 / 23758
10900 / 23758
11000 / 23758
11100 / 23758
11200 / 23758
11300 / 23758
11400 / 23758
11500 / 23758
11600 / 23758
11700 / 23758
11800 / 23758
11900 / 23758
12000 / 23758
12100 / 23758
12200 / 23758
12300 / 23758
12400 / 23758
12500 / 23758
12600 / 23758
12700 / 23758
12800 / 23758
12900 / 23758
13000 / 23758
13100 / 23758
13200 / 23758
13300 / 23758
13400 / 23758
13500 / 23758
13600 / 23758
13700 / 23758
13800 / 23758
13900 / 23758
14000 / 23758
14100 / 23758
14200 / 23758
14300 / 23758
14400 / 23758
14500 / 23758
14600 / 23758
14700 / 23758
14800 / 23758
14900 / 23758
15000 / 23758
15100 / 23758
15200 / 23758
15300 / 23758
15400 / 23758
15500 / 23758
15600 / 23758
15700 / 23758
15800 / 23758
15900 / 23758
16000 / 23758
16100 / 23758
16200 / 23758
16300 / 23758
16400 / 23758
16500 / 23758
16600 / 23758
16700 / 23758
16800 / 23758
16900 / 23758
17000 / 23758
17100 / 23758
17200 / 23758
17300 / 23758
17400 / 23758
17500 / 23758
17600 / 23758
17700 / 23758
17800 / 23758
17900 / 23758
18000 / 23758
18100 / 23758
18200 / 23758
18300 / 23758
18400 / 23758
18500 / 23758
18600 / 23758
18700 / 23758
18800 / 23758
18900 / 23758
19000 / 23758
19100 / 23758
19200 / 23758
19300 / 23758
19400 / 23758
19500 / 23758
19600 / 23758
19700 / 23758
19800 / 23758
19900 / 23758
20000 / 23758
20100 / 23758
20200 / 23758
20300 / 23758
20400 / 23758
20500 / 23758
20600 / 23758
20700 / 23758
20800 / 23758
20900 / 23758
21000 / 23758
21100 / 23758
21200 / 23758
21300 / 23758
21400 / 23758
21500 / 23758
21600 / 23758
21700 / 23758
21800 / 23758
21900 / 23758
22000 / 23758
22100 / 23758
22200 / 23758
22300 / 23758
22400 / 23758
22500 / 23758
22600 / 23758
22700 / 23758
22800 / 23758
22900 / 23758
23000 / 23758
23100 / 23758
23200 / 23758
23300 / 23758
23400 / 23758
23500 / 23758
23600 / 23758
23700 / 23758
0 / 24927
100 / 24927
200 / 24927
300 / 24927
400 / 24927
500 / 24927
600 / 24927
700 / 24927
800 / 24927
900 / 24927
1000 / 24927
1100 / 24927
1200 / 24927
1300 / 24927
1400 / 24927
1500 / 24927
1600 / 24927
1700 / 24927
1800 / 24927
1900 / 24927
2000 / 24927
2100 / 24927
2200 / 24927
2300 / 24927
2400 / 24927
2500 / 24927
2600 / 24927
2700 / 24927
2800 / 24927
2900 / 24927
3000 / 24927
3100 / 24927
3200 / 24927
3300 / 24927
3400 / 24927
3500 / 24927
3600 / 24927
3700 / 24927
3800 / 24927
3900 / 24927
4000 / 24927
4100 / 24927
4200 / 24927
4300 / 24927
4400 / 24927
4500 / 24927
4600 / 24927
4700 / 24927
4800 / 24927
4900 / 24927
5000 / 24927
5100 / 24927
5200 / 24927
5300 / 24927
5400 / 24927
5500 / 24927
5600 / 24927
5700 / 24927
5800 / 24927
5900 / 24927
6000 / 24927
6100 / 24927
6200 / 24927
6300 / 24927
6400 / 24927
6500 / 24927
6600 / 24927
6700 / 24927
6800 / 24927
6900 / 24927
7000 / 24927
7100 / 24927
7200 / 24927
7300 / 24927
7400 / 24927
7500 / 24927
7600 / 24927
7700 / 24927
7800 / 24927
7900 / 24927
8000 / 24927
8100 / 24927
8200 / 24927
8300 / 24927
8400 / 24927
8500 / 24927
8600 / 24927
8700 / 24927
8800 / 24927
8900 / 24927
9000 / 24927
9100 / 24927
9200 / 24927
9300 / 24927
9400 / 24927
9500 / 24927
9600 / 24927
9700 / 24927
9800 / 24927
9900 / 24927
10000 / 24927
10100 / 24927
10200 / 24927
10300 / 24927
10400 / 24927
10500 / 24927
10600 / 24927
10700 / 24927
10800 / 24927
10900 / 24927
11000 / 24927
11100 / 24927
11200 / 24927
11300 / 24927
11400 / 24927
11500 / 24927
11600 / 24927
11700 / 24927
11800 / 24927
11900 / 24927
12000 / 24927
12100 / 24927
12200 / 24927
12300 / 24927
12400 / 24927
12500 / 24927
12600 / 24927
12700 / 24927
12800 / 24927
12900 / 24927
13000 / 24927
13100 / 24927
13200 / 24927
13300 / 24927
13400 / 24927
13500 / 24927
13600 / 24927
13700 / 24927
13800 / 24927
13900 / 24927
14000 / 24927
14100 / 24927
14200 / 24927
14300 / 24927
14400 / 24927
14500 / 24927
14600 / 24927
14700 / 24927
14800 / 24927
14900 / 24927
15000 / 24927
15100 / 24927
15200 / 24927
15300 / 24927
15400 / 24927
15500 / 24927
15600 / 24927
15700 / 24927
15800 / 24927
15900 / 24927
16000 / 24927
16100 / 24927
16200 / 24927
16300 / 24927
16400 / 24927
16500 / 24927
16600 / 24927
16700 / 24927
16800 / 24927
16900 / 24927
17000 / 24927
17100 / 24927
17200 / 24927
17300 / 24927
17400 / 24927
17500 / 24927
17600 / 24927
17700 / 24927
17800 / 24927
17900 / 24927
18000 / 24927
18100 / 24927
18200 / 24927
18300 / 24927
18400 / 24927
18500 / 24927
18600 / 24927
18700 / 24927
18800 / 24927
18900 / 24927
19000 / 24927
19100 / 24927
19200 / 24927
19300 / 24927
19400 / 24927
19500 / 24927
19600 / 24927
19700 / 24927
19800 / 24927
19900 / 24927
20000 / 24927
20100 / 24927
20200 / 24927
20300 / 24927
20400 / 24927
20500 / 24927
20600 / 24927
20700 / 24927
20800 / 24927
20900 / 24927
21000 / 24927
21100 / 24927
21200 / 24927
21300 / 24927
21400 / 24927
21500 / 24927
21600 / 24927
21700 / 24927
21800 / 24927
21900 / 24927
22000 / 24927
22100 / 24927
22200 / 24927
22300 / 24927
22400 / 24927
22500 / 24927
22600 / 24927
22700 / 24927
22800 / 24927
22900 / 24927
23000 / 24927
23100 / 24927
23200 / 24927
23300 / 24927
23400 / 24927
23500 / 24927
23600 / 24927
23700 / 24927
23800 / 24927
23900 / 24927
24000 / 24927
24100 / 24927
24200 / 24927
24300 / 24927
24400 / 24927
24500 / 24927
24600 / 24927
24700 / 24927
24800 / 24927
24900 / 24927
0 / 24558
100 / 24558
200 / 24558
300 / 24558
400 / 24558
500 / 24558
600 / 24558
700 / 24558
800 / 24558
900 / 24558
1000 / 24558
1100 / 24558
1200 / 24558
1300 / 24558
1400 / 24558
1500 / 24558
1600 / 24558
1700 / 24558
1800 / 24558
1900 / 24558
2000 / 24558
2100 / 24558
2200 / 24558
2300 / 24558
2400 / 24558
2500 / 24558
2600 / 24558
2700 / 24558
2800 / 24558
2900 / 24558
3000 / 24558
3100 / 24558
3200 / 24558
3300 / 24558
3400 / 24558
3500 / 24558
3600 / 24558
3700 / 24558
3800 / 24558
3900 / 24558
4000 / 24558
4100 / 24558
4200 / 24558
4300 / 24558
4400 / 24558
4500 / 24558
4600 / 24558
4700 / 24558
4800 / 24558
4900 / 24558
5000 / 24558
5100 / 24558
5200 / 24558
5300 / 24558
5400 / 24558
5500 / 24558
5600 / 24558
5700 / 24558
5800 / 24558
5900 / 24558
6000 / 24558
6100 / 24558
6200 / 24558
6300 / 24558
6400 / 24558
6500 / 24558
6600 / 24558
6700 / 24558
6800 / 24558
6900 / 24558
7000 / 24558
7100 / 24558
7200 / 24558
7300 / 24558
7400 / 24558
7500 / 24558
7600 / 24558
7700 / 24558
7800 / 24558
7900 / 24558
8000 / 24558
8100 / 24558
8200 / 24558
8300 / 24558
8400 / 24558
8500 / 24558
8600 / 24558
8700 / 24558
8800 / 24558
8900 / 24558
9000 / 24558
9100 / 24558
9200 / 24558
9300 / 24558
9400 / 24558
9500 / 24558
9600 / 24558
9700 / 24558
9800 / 24558
9900 / 24558
10000 / 24558
10100 / 24558
10200 / 24558
10300 / 24558
10400 / 24558
10500 / 24558
10600 / 24558
10700 / 24558
10800 / 24558
10900 / 24558
11000 / 24558
11100 / 24558
11200 / 24558
11300 / 24558
11400 / 24558
11500 / 24558
11600 / 24558
11700 / 24558
11800 / 24558
11900 / 24558
12000 / 24558
12100 / 24558
12200 / 24558
12300 / 24558
12400 / 24558
12500 / 24558
12600 / 24558
12700 / 24558
12800 / 24558
12900 / 24558
13000 / 24558
13100 / 24558
13200 / 24558
13300 / 24558
13400 / 24558
13500 / 24558
13600 / 24558
13700 / 24558
13800 / 24558
13900 / 24558
14000 / 24558
14100 / 24558
14200 / 24558
14300 / 24558
14400 / 24558
14500 / 24558
14600 / 24558
14700 / 24558
14800 / 24558
14900 / 24558
15000 / 24558
15100 / 24558
15200 / 24558
15300 / 24558
15400 / 24558
15500 / 24558
15600 / 24558
15700 / 24558
15800 / 24558
15900 / 24558
16000 / 24558
16100 / 24558
16200 / 24558
16300 / 24558
16400 / 24558
16500 / 24558
16600 / 24558
16700 / 24558
16800 / 24558
16900 / 24558
17000 / 24558
17100 / 24558
17200 / 24558
17300 / 24558
17400 / 24558
17500 / 24558
17600 / 24558
17700 / 24558
17800 / 24558
17900 / 24558
18000 / 24558
18100 / 24558
18200 / 24558
18300 / 24558
18400 / 24558
18500 / 24558
18600 / 24558
18700 / 24558
18800 / 24558
18900 / 24558
19000 / 24558
19100 / 24558
19200 / 24558
19300 / 24558
19400 / 24558
19500 / 24558
19600 / 24558
19700 / 24558
19800 / 24558
19900 / 24558
20000 / 24558
20100 / 24558
20200 / 24558
20300 / 24558
20400 / 24558
20500 / 24558
20600 / 24558
20700 / 24558
20800 / 24558
20900 / 24558
21000 / 24558
21100 / 24558
21200 / 24558
21300 / 24558
21400 / 24558
21500 / 24558
21600 / 24558
21700 / 24558
21800 / 24558
21900 / 24558
22000 / 24558
22100 / 24558
22200 / 24558
22300 / 24558
22400 / 24558
22500 / 24558
22600 / 24558
22700 / 24558
22800 / 24558
22900 / 24558
23000 / 24558
23100 / 24558
23200 / 24558
23300 / 24558
23400 / 24558
23500 / 24558
23600 / 24558
23700 / 24558
23800 / 24558
23900 / 24558
24000 / 24558
24100 / 24558
24200 / 24558
24300 / 24558
24400 / 24558
24500 / 24558
0 / 23979
100 / 23979
200 / 23979
300 / 23979
400 / 23979
500 / 23979
600 / 23979
700 / 23979
800 / 23979
900 / 23979
1000 / 23979
1100 / 23979
1200 / 23979
1300 / 23979
1400 / 23979
1500 / 23979
1600 / 23979
1700 / 23979
1800 / 23979
1900 / 23979
2000 / 23979
2100 / 23979
2200 / 23979
2300 / 23979
2400 / 23979
2500 / 23979
2600 / 23979
2700 / 23979
2800 / 23979
2900 / 23979
3000 / 23979
3100 / 23979
3200 / 23979
3300 / 23979
3400 / 23979
3500 / 23979
3600 / 23979
3700 / 23979
3800 / 23979
3900 / 23979
4000 / 23979
4100 / 23979
4200 / 23979
4300 / 23979
4400 / 23979
4500 / 23979
4600 / 23979
4700 / 23979
4800 / 23979
4900 / 23979
5000 / 23979
5100 / 23979
5200 / 23979
5300 / 23979
5400 / 23979
5500 / 23979
5600 / 23979
5700 / 23979
5800 / 23979
5900 / 23979
6000 / 23979
6100 / 23979
6200 / 23979
6300 / 23979
6400 / 23979
6500 / 23979
6600 / 23979
6700 / 23979
6800 / 23979
6900 / 23979
7000 / 23979
7100 / 23979
7200 / 23979
7300 / 23979
7400 / 23979
7500 / 23979
7600 / 23979
7700 / 23979
7800 / 23979
7900 / 23979
8000 / 23979
8100 / 23979
8200 / 23979
8300 / 23979
8400 / 23979
8500 / 23979
8600 / 23979
8700 / 23979
8800 / 23979
8900 / 23979
9000 / 23979
9100 / 23979
9200 / 23979
9300 / 23979
9400 / 23979
9500 / 23979
9600 / 23979
9700 / 23979
9800 / 23979
9900 / 23979
10000 / 23979
10100 / 23979
10200 / 23979
10300 / 23979
10400 / 23979
10500 / 23979
10600 / 23979
10700 / 23979
10800 / 23979
10900 / 23979
11000 / 23979
11100 / 23979
11200 / 23979
11300 / 23979
11400 / 23979
11500 / 23979
11600 / 23979
11700 / 23979
11800 / 23979
11900 / 23979
12000 / 23979
12100 / 23979
12200 / 23979
12300 / 23979
12400 / 23979
12500 / 23979
12600 / 23979
12700 / 23979
12800 / 23979
12900 / 23979
13000 / 23979
13100 / 23979
13200 / 23979
13300 / 23979
13400 / 23979
13500 / 23979
13600 / 23979
13700 / 23979
13800 / 23979
13900 / 23979
14000 / 23979
14100 / 23979
14200 / 23979
14300 / 23979
14400 / 23979
14500 / 23979
14600 / 23979
14700 / 23979
14800 / 23979
14900 / 23979
15000 / 23979
15100 / 23979
15200 / 23979
15300 / 23979
15400 / 23979
15500 / 23979
15600 / 23979
15700 / 23979
15800 / 23979
15900 / 23979
16000 / 23979
16100 / 23979
16200 / 23979
16300 / 23979
16400 / 23979
16500 / 23979
16600 / 23979
16700 / 23979
16800 / 23979
16900 / 23979
17000 / 23979
17100 / 23979
17200 / 23979
17300 / 23979
17400 / 23979
17500 / 23979
17600 / 23979
17700 / 23979
17800 / 23979
17900 / 23979
18000 / 23979
18100 / 23979
18200 / 23979
18300 / 23979
18400 / 23979
18500 / 23979
18600 / 23979
18700 / 23979
18800 / 23979
18900 / 23979
19000 / 23979
19100 / 23979
19200 / 23979
19300 / 23979
19400 / 23979
19500 / 23979
19600 / 23979
19700 / 23979
19800 / 23979
19900 / 23979
20000 / 23979
20100 / 23979
20200 / 23979
20300 / 23979
20400 / 23979
20500 / 23979
20600 / 23979
20700 / 23979
20800 / 23979
20900 / 23979
21000 / 23979
21100 / 23979
21200 / 23979
21300 / 23979
21400 / 23979
21500 / 23979
21600 / 23979
21700 / 23979
21800 / 23979
21900 / 23979
22000 / 23979
22100 / 23979
22200 / 23979
22300 / 23979
22400 / 23979
22500 / 23979
22600 / 23979
22700 / 23979
22800 / 23979
22900 / 23979
23000 / 23979
23100 / 23979
23200 / 23979
23300 / 23979
23400 / 23979
23500 / 23979
23600 / 23979
23700 / 23979
23800 / 23979
23900 / 23979
